2019-05-06 16:23:26,571 [Thread-41:8552] [account:69] [views:post] [DEBUG]- 登录提交验证码:bpfu-BpFU
2019-05-06 16:23:26,693 [Thread-41:8552] [account:74] [views:post] [INFO]- user001登录成功
2019-05-06 16:23:30,742 [Thread-47:9076] [account:82] [views:logout] [INFO]- user001
2019-05-06 16:23:37,760 [Thread-53:9056] [account:69] [views:post] [DEBUG]- 登录提交验证码:9ute-9uTE
2019-05-06 16:23:37,867 [Thread-53:9056] [account:74] [views:post] [INFO]- user001登录成功
2019-05-06 16:25:16,715 [Thread-57:420] [account:82] [views:logout] [INFO]- user001
2019-05-06 16:41:21,496 [Thread-67:7080] [account:69] [views:post] [DEBUG]- 登录提交验证码:vv8f-vV8f
2019-05-06 16:41:21,644 [Thread-67:7080] [account:74] [views:post] [INFO]- user001登录成功
2019-05-08 14:59:11,204 [Thread-52:6928] [account:82] [views:logout] [INFO]- admin
2019-05-08 14:59:23,491 [Thread-56:5056] [account:69] [views:post] [DEBUG]- 登录提交验证码:qaaf-QAaf
2019-05-08 14:59:23,627 [Thread-56:5056] [account:74] [views:post] [INFO]- user001登录成功
2019-05-08 14:59:32,236 [Thread-61:5764] [account:82] [views:logout] [INFO]- user001
2019-05-08 14:59:40,365 [Thread-65:6132] [account:69] [views:post] [DEBUG]- 登录提交验证码:w5ns-w5ns
2019-05-08 14:59:40,486 [Thread-65:6132] [account:74] [views:post] [INFO]- user001登录成功
2019-05-08 14:59:43,018 [Thread-70:4712] [account:82] [views:logout] [INFO]- user001
2019-05-08 14:59:49,592 [Thread-71:1940] [account:69] [views:post] [DEBUG]- 登录提交验证码:der7-DEr7
2019-05-08 14:59:54,504 [Thread-73:2964] [account:69] [views:post] [DEBUG]- 登录提交验证码:der7-jXqb
2019-05-08 14:59:57,706 [Thread-77:6580] [account:69] [views:post] [DEBUG]- 登录提交验证码:der7-jXqb
2019-05-08 15:00:57,906 [Thread-80:6352] [account:69] [views:post] [DEBUG]- 登录提交验证码:jcqb-jXqb
2019-05-08 15:01:03,123 [Thread-81:448] [account:69] [views:post] [DEBUG]- 登录提交验证码:jcqb-jXqb
2019-05-08 15:02:03,852 [Thread-93:5252] [account:69] [views:post] [DEBUG]- 登录提交验证码:u93x-u93X
2019-05-08 15:02:03,977 [Thread-93:5252] [account:74] [views:post] [INFO]- user001登录成功
2019-05-09 09:43:20,163 [Thread-189:6916] [account:82] [views:logout] [INFO]- admin
2019-05-09 09:43:39,803 [Thread-198:8036] [account:69] [views:post] [DEBUG]- 登录提交验证码:u5gp-u5gP
2019-05-09 09:43:40,126 [Thread-198:8036] [account:74] [views:post] [INFO]- user001登录成功
2019-05-09 14:42:09,646 [Thread-33:8240] [account:82] [views:logout] [INFO]- user001
2019-05-09 14:48:29,880 [Thread-49:7648] [account:69] [views:post] [DEBUG]- 登录提交验证码:aesp-AESp
2019-05-09 14:48:36,257 [Thread-54:7980] [account:69] [views:post] [DEBUG]- 登录提交验证码:aesp-9eUp
2019-05-09 14:49:09,111 [Thread-56:6408] [account:69] [views:post] [DEBUG]- 登录提交验证码:9eup-9eUp
2019-05-09 14:49:09,264 [Thread-56:6408] [account:74] [views:post] [INFO]- user001登录成功
2019-05-09 14:53:21,333 [Thread-118:8512] [account:82] [views:logout] [INFO]- user001
2019-05-09 14:53:34,784 [Thread-125:6344] [account:69] [views:post] [DEBUG]- 登录提交验证码:tr3m-TR3m
2019-05-09 14:53:34,929 [Thread-125:6344] [account:74] [views:post] [INFO]- user002登录成功
2019-05-09 14:56:57,791 [Thread-168:8168] [account:82] [views:logout] [INFO]- user002
2019-05-09 14:57:11,886 [Thread-173:7808] [account:69] [views:post] [DEBUG]- 登录提交验证码:678f-678f
2019-05-09 14:57:12,009 [Thread-173:7808] [account:74] [views:post] [INFO]- user003登录成功
2019-05-10 09:29:20,630 [Thread-10:12200] [account:69] [views:post] [DEBUG]- 登录提交验证码:qxcm-QXCM
2019-05-10 09:29:20,850 [Thread-10:12200] [account:74] [views:post] [INFO]- user001登录成功
2019-05-13 11:55:09,444 [Thread-27:46024] [account:82] [views:logout] [INFO]- admin
2019-05-13 11:55:32,939 [Thread-29:41892] [account:82] [views:logout] [INFO]- AnonymousUser
2019-05-13 14:21:14,613 [Thread-5:43108] [account:69] [views:post] [DEBUG]- 登录提交验证码:atas-AtaS
2019-05-13 14:21:14,761 [Thread-5:43108] [account:74] [views:post] [INFO]- admin登录成功
2019-05-13 14:22:06,427 [Thread-13:44320] [account:82] [views:logout] [INFO]- admin
2019-05-13 14:22:21,598 [Thread-16:41848] [account:69] [views:post] [DEBUG]- 登录提交验证码:psb4-pSB4
2019-05-13 14:22:33,322 [Thread-19:46232] [account:69] [views:post] [DEBUG]- 登录提交验证码:nrsq-NrSQ
2019-05-13 14:23:03,538 [Thread-21:46548] [account:69] [views:post] [DEBUG]- 登录提交验证码:qpxu-QPXU
2019-05-13 14:23:03,661 [Thread-21:46548] [account:74] [views:post] [INFO]- user003登录成功
2019-05-13 14:37:43,033 [Thread-12:36036] [account:69] [views:post] [DEBUG]- 登录提交验证码:gmya-GmYa
2019-05-13 14:37:43,141 [Thread-12:36036] [account:74] [views:post] [INFO]- user003登录成功
2019-05-13 15:50:34,409 [Thread-8:38964] [account:69] [views:post] [DEBUG]- 登录提交验证码:ym38-YMJ8
2019-05-13 15:51:28,793 [Thread-22:40256] [account:69] [views:post] [DEBUG]- 登录提交验证码:hbwn-HBWn
2019-05-13 15:51:28,910 [Thread-22:40256] [account:74] [views:post] [INFO]- user003登录成功
2019-05-14 10:22:46,724 [Thread-20:4792] [account:69] [views:post] [DEBUG]- 登录提交验证码:bcgu-BCgU
2019-05-14 10:22:46,946 [Thread-20:4792] [account:74] [views:post] [INFO]- admin登录成功
2019-05-14 10:32:23,813 [Thread-11:1920] [account:69] [views:post] [DEBUG]- 登录提交验证码:kfkc-kfKC
2019-05-14 10:32:24,030 [Thread-11:1920] [account:74] [views:post] [INFO]- admin登录成功
2019-05-14 11:34:29,680 [Thread-10:5440] [account:82] [views:logout] [INFO]- admin
2019-05-14 11:34:45,322 [Thread-13:12656] [account:69] [views:post] [DEBUG]- 登录提交验证码:nc9e-nC9E
2019-05-14 11:34:47,664 [Thread-15:12696] [account:69] [views:post] [DEBUG]- 登录提交验证码:nc9e-WYp5
2019-05-14 11:35:07,140 [Thread-17:12016] [account:69] [views:post] [DEBUG]- 登录提交验证码:nc9e-WYp5
2019-05-14 11:35:47,976 [Thread-19:13332] [account:69] [views:post] [DEBUG]- 登录提交验证码:nc9e-WYp5
2019-05-14 11:36:06,541 [Thread-1:5692] [account:69] [views:post] [DEBUG]- 登录提交验证码:nc9e-WYp5
2019-05-14 11:38:05,654 [Thread-1:15912] [account:69] [views:post] [DEBUG]- 登录提交验证码:nc9e-WYp5
2019-05-14 11:39:28,123 [Thread-1:7788] [account:69] [views:post] [DEBUG]- 登录提交验证码:nc9e-WYp5
2019-05-14 11:39:36,489 [Thread-4:15900] [account:69] [views:post] [DEBUG]- 登录提交验证码:rq3a-rQ3A
2019-05-14 11:39:36,725 [Thread-4:15900] [account:74] [views:post] [INFO]- user003登录成功
2019-05-14 11:40:24,982 [Thread-11:6056] [account:82] [views:logout] [INFO]- user003
2019-05-14 11:40:33,640 [Thread-14:12260] [account:69] [views:post] [DEBUG]- 登录提交验证码:wyeg-wyeG
2019-05-14 11:40:33,742 [Thread-14:12260] [account:74] [views:post] [INFO]- user001登录成功
2019-05-14 20:23:58,597 [Thread-6:3612] [account:82] [views:logout] [INFO]- user001
2019-05-14 20:24:04,811 [Thread-10:12716] [account:69] [views:post] [DEBUG]- 登录提交验证码:nbrr-nbRr
2019-05-14 20:24:04,952 [Thread-10:12716] [account:74] [views:post] [INFO]- user001登录成功
2019-05-14 22:26:44,186 [Thread-56:9748] [account:82] [views:logout] [INFO]- user001
2019-05-14 22:26:49,257 [Thread-59:15232] [account:69] [views:post] [DEBUG]- 登录提交验证码:kbsd-kbSd
2019-05-14 22:26:49,345 [Thread-59:15232] [account:74] [views:post] [INFO]- user001登录成功
2019-05-15 10:54:22,432 [Thread-13:16804] [account:82] [views:logout] [INFO]- admin
2019-05-15 10:54:30,610 [Thread-17:14616] [account:69] [views:post] [DEBUG]- 登录提交验证码:rudw-RUDw
2019-05-15 10:54:30,721 [Thread-17:14616] [account:74] [views:post] [INFO]- user001登录成功
2019-05-15 10:56:14,932 [Thread-33:3564] [account:82] [views:logout] [INFO]- admin
2019-05-15 10:56:30,997 [Thread-36:4376] [account:69] [views:post] [DEBUG]- 登录提交验证码:srkh-Srkh
2019-05-15 10:56:31,085 [Thread-36:4376] [account:74] [views:post] [INFO]- user001登录成功
2019-05-15 11:00:50,120 [Thread-26:7580] [account:82] [views:logout] [INFO]- admin
2019-05-15 11:00:59,878 [Thread-29:1780] [account:69] [views:post] [DEBUG]- 登录提交验证码:xfad-XFAd
2019-05-15 11:01:00,007 [Thread-29:1780] [account:74] [views:post] [INFO]- user001登录成功
2019-05-15 11:10:00,840 [Thread-43:12884] [account:82] [views:logout] [INFO]- admin
2019-05-15 11:10:15,441 [Thread-46:13392] [account:69] [views:post] [DEBUG]- 登录提交验证码:e9cg-E9CG
2019-05-15 11:10:15,732 [Thread-46:13392] [account:74] [views:post] [INFO]- user003登录成功
2019-05-15 11:14:21,359 [Thread-25:8784] [account:82] [views:logout] [INFO]- admin
2019-05-15 11:14:33,054 [Thread-28:11668] [account:69] [views:post] [DEBUG]- 登录提交验证码:yrkq-yrkQ
2019-05-15 11:14:33,190 [Thread-28:11668] [account:74] [views:post] [INFO]- user003登录成功
2019-05-15 11:17:27,879 [Thread-25:96] [account:69] [views:post] [DEBUG]- 登录提交验证码:qhtk-Qhtk
2019-05-15 11:17:28,009 [Thread-25:96] [account:74] [views:post] [INFO]- user003登录成功
2019-05-15 14:55:39,097 [Thread-152:2348] [account:69] [views:post] [DEBUG]- 登录提交验证码:axje-4XJE
2019-05-15 14:56:03,476 [Thread-156:10648] [account:82] [views:logout] [INFO]- admin
2019-05-15 14:56:15,001 [Thread-159:1228] [account:69] [views:post] [DEBUG]- 登录提交验证码:pyvt-PYVT
2019-05-15 14:56:15,091 [Thread-159:1228] [account:74] [views:post] [INFO]- user001登录成功
2019-05-15 14:56:20,068 [Thread-163:2044] [account:82] [views:logout] [INFO]- user001
2019-05-15 14:56:35,058 [Thread-166:11328] [account:69] [views:post] [DEBUG]- 登录提交验证码:hx3p-HX3P
2019-05-15 14:56:35,149 [Thread-166:11328] [account:74] [views:post] [INFO]- user001登录成功
2019-05-15 14:57:42,257 [Thread-206:16008] [account:69] [views:post] [DEBUG]- 登录提交验证码:thm8-ThmB
2019-05-15 14:57:50,257 [Thread-208:14324] [account:69] [views:post] [DEBUG]- 登录提交验证码:nrrd-NKrD
2019-05-15 14:57:54,448 [Thread-210:16636] [account:69] [views:post] [DEBUG]- 登录提交验证码:hjna-HjnA
2019-05-15 14:57:54,537 [Thread-210:16636] [account:74] [views:post] [INFO]- user001登录成功
2019-05-15 14:58:21,386 [Thread-227:4272] [account:82] [views:logout] [INFO]- user001
2019-05-15 15:01:41,040 [Thread-270:9920] [account:69] [views:post] [DEBUG]- 登录提交验证码:dfgh-dFGh
2019-05-15 15:01:41,131 [Thread-270:9920] [account:74] [views:post] [INFO]- user001登录成功
2019-05-15 20:58:14,503 [Thread-25:1104] [account:82] [views:logout] [INFO]- admin
2019-05-15 20:58:26,671 [Thread-32:8824] [account:69] [views:post] [DEBUG]- 登录提交验证码:mky3-mKy3
2019-05-15 20:58:26,796 [Thread-32:8824] [account:74] [views:post] [INFO]- user001登录成功
2019-05-15 21:01:08,963 [Thread-62:7160] [account:82] [views:logout] [INFO]- user001
2019-05-15 21:01:20,487 [Thread-67:4260] [account:69] [views:post] [DEBUG]- 登录提交验证码:xceg-XceG
2019-05-15 21:01:20,620 [Thread-67:4260] [account:74] [views:post] [INFO]- user003登录成功
2019-05-15 21:01:32,563 [Thread-72:12260] [account:82] [views:logout] [INFO]- user003
2019-05-15 21:03:49,699 [Thread-10:5552] [account:69] [views:post] [DEBUG]- 登录提交验证码:xhwj-XHwJ
2019-05-15 21:03:49,795 [Thread-10:5552] [account:74] [views:post] [INFO]- user001登录成功
2019-05-15 21:05:14,225 [Thread-37:6696] [account:82] [views:logout] [INFO]- user001
2019-05-15 21:05:19,413 [Thread-44:8020] [account:69] [views:post] [DEBUG]- 登录提交验证码:rbps-RhPs
2019-05-15 21:05:24,329 [Thread-47:9564] [account:69] [views:post] [DEBUG]- 登录提交验证码:pwa9-Pwa9
2019-05-15 21:05:24,462 [Thread-47:9564] [account:74] [views:post] [INFO]- user003登录成功
2019-05-15 21:11:26,422 [Thread-75:5920] [account:82] [views:logout] [INFO]- user003
2019-05-15 21:11:33,544 [Thread-84:7292] [account:69] [views:post] [DEBUG]- 登录提交验证码:hrph-HrPh
2019-05-15 21:11:33,628 [Thread-84:7292] [account:74] [views:post] [INFO]- user001登录成功
2019-05-15 21:33:02,060 [Thread-26:9560] [account:82] [views:logout] [INFO]- user001
2019-05-15 21:33:13,214 [Thread-32:5344] [account:69] [views:post] [DEBUG]- 登录提交验证码:dpf3-dpf3
2019-05-15 21:33:13,555 [Thread-32:5344] [account:74] [views:post] [INFO]- admin登录成功
2019-05-15 21:50:37,335 [Thread-83:13040] [account:82] [views:logout] [INFO]- admin
2019-05-15 21:56:16,386 [Thread-95:1680] [account:69] [views:post] [DEBUG]- 登录提交验证码:keam-kEam
2019-05-15 21:56:16,723 [Thread-95:1680] [account:74] [views:post] [INFO]- admin登录成功
2019-05-16 10:48:52,171 [Thread-18:11352] [account:85] [views:logout] [INFO]- admin
2019-05-16 14:56:58,273 [Thread-46:2016] [account:85] [views:logout] [INFO]- admin
2019-05-16 15:06:51,253 [Thread-3:3212] [account:72] [views:post] [DEBUG]- 登录提交验证码:paxj-pAxJ
2019-05-16 15:06:54,746 [Thread-7:1052] [account:72] [views:post] [DEBUG]- 登录提交验证码:paxj-Ndbr
2019-05-16 15:07:01,614 [Thread-8:7836] [account:72] [views:post] [DEBUG]- 登录提交验证码:4hem-4HEM
2019-05-16 15:07:10,142 [Thread-13:4328] [account:72] [views:post] [DEBUG]- 登录提交验证码:wcdu-WcDU
2019-05-16 15:07:58,057 [Thread-31:2292] [account:85] [views:logout] [INFO]- admin
2019-05-16 15:08:09,569 [Thread-34:6584] [account:72] [views:post] [DEBUG]- 登录提交验证码:fvvb-FvVb
2019-05-16 15:08:09,885 [Thread-34:6584] [account:77] [views:post] [INFO]- admin登录成功
2019-05-16 15:08:12,883 [Thread-38:14856] [account:85] [views:logout] [INFO]- admin
